2020-05-02 16:02:27,317 : INFO : test_end2end : test_end2end_purchase : Getting Page title
2020-05-02 16:02:32,493 : INFO : test_end2end : test_end2end_purchase : Closing the opening banner
2020-05-02 16:02:32,570 : INFO : test_end2end : test_end2end_purchase : Getting navigation items list
2020-05-02 16:02:32,606 : INFO : test_end2end : test_end2end_purchase : Taking cursor to navigation where item is some item_name
2020-05-02 16:02:32,893 : INFO : test_end2end : test_end2end_purchase : Getting navigation sub_items list where item is some item_name
2020-05-02 16:02:32,904 : INFO : test_end2end : test_end2end_purchase : Selecting an item from sub_items
2020-05-02 16:02:34,506 : INFO : test_end2end : test_end2end_purchase : Scrolling the window
2020-05-02 16:02:34,540 : INFO : test_end2end : test_end2end_purchase : Get items list
2020-05-02 16:02:35,997 : INFO : test_end2end : test_end2end_purchase : Selecting size
2020-05-02 16:02:36,129 : INFO : test_end2end : test_end2end_purchase : Select color
2020-05-02 16:02:36,187 : INFO : test_end2end : test_end2end_purchase : Scrolling the window
2020-05-02 16:02:36,195 : INFO : test_end2end : test_end2end_purchase : Adding to cart
2020-05-02 16:02:37,367 : INFO : test_end2end : test_end2end_purchase : Proceeding to checkout page
2020-05-02 16:02:39,300 : INFO : test_end2end : test_end2end_purchase : Enter Email
2020-05-02 16:02:39,429 : INFO : test_end2end : test_end2end_purchase : Check Subscribe checkbox
2020-05-02 16:02:39,508 : INFO : test_end2end : test_end2end_purchase : Go to shipping section
2020-05-02 16:02:40,858 : INFO : test_end2end : test_end2end_purchase : Choose country from static dropdown
2020-05-02 16:02:40,958 : INFO : test_end2end : test_end2end_purchase : Get First Name
2020-05-02 16:02:41,077 : INFO : test_end2end : test_end2end_purchase : get last name
2020-05-02 16:02:41,167 : INFO : test_end2end : test_end2end_purchase : Get address_line1
2020-05-02 16:02:41,451 : INFO : test_end2end : test_end2end_purchase : Data received for address_line2 is Apt 10
2020-05-02 16:02:41,567 : INFO : test_end2end : test_end2end_purchase : get city
2020-05-02 16:02:41,687 : INFO : test_end2end : test_end2end_purchase : get postal code
2020-05-02 16:02:41,796 : INFO : test_end2end : test_end2end_purchase : get phone
2020-05-02 16:02:41,945 : INFO : test_end2end : test_end2end_purchase : get billing address
2020-05-02 16:02:41,969 : INFO : test_end2end : test_end2end_purchase : get comments on order
2020-05-02 16:02:45,345 : INFO : test_end2end : test_end2end_purchase : continue to payment from here
2020-05-02 16:02:49,587 : INFO : test_end2end : test_end2end_purchase : Choose Payment Option
2020-05-02 16:02:49,663 : INFO : test_end2end : test_end2end_purchase : Place your Order Button
2020-05-02 16:02:53,855 : INFO : test_end2end : test_end2end_purchase : Checking confirmation text matches the required text
2020-05-02 16:02:53,868 : INFO : test_end2end : test_end2end_purchase : Confirmation text is Thank you John!
2020-05-02 16:03:02,085 : INFO : test_end2end : test_end2end_purchase : Getting Page title
2020-05-02 16:03:02,085 : INFO : test_end2end : test_end2end_purchase : Getting Page title
2020-05-02 16:03:07,321 : INFO : test_end2end : test_end2end_purchase : Closing the opening banner
2020-05-02 16:03:07,321 : INFO : test_end2end : test_end2end_purchase : Closing the opening banner
2020-05-02 16:03:07,408 : INFO : test_end2end : test_end2end_purchase : Getting navigation items list
2020-05-02 16:03:07,408 : INFO : test_end2end : test_end2end_purchase : Getting navigation items list
2020-05-02 16:03:07,449 : INFO : test_end2end : test_end2end_purchase : Taking cursor to navigation where item is some item_name
2020-05-02 16:03:07,449 : INFO : test_end2end : test_end2end_purchase : Taking cursor to navigation where item is some item_name
2020-05-02 16:03:07,728 : INFO : test_end2end : test_end2end_purchase : Getting navigation sub_items list where item is some item_name
2020-05-02 16:03:07,728 : INFO : test_end2end : test_end2end_purchase : Getting navigation sub_items list where item is some item_name
2020-05-02 16:03:07,757 : INFO : test_end2end : test_end2end_purchase : Selecting an item from sub_items
2020-05-02 16:03:07,757 : INFO : test_end2end : test_end2end_purchase : Selecting an item from sub_items
2020-05-02 16:03:09,366 : INFO : test_end2end : test_end2end_purchase : Scrolling the window
2020-05-02 16:03:09,366 : INFO : test_end2end : test_end2end_purchase : Scrolling the window
2020-05-02 16:03:09,372 : INFO : test_end2end : test_end2end_purchase : Get items list
2020-05-02 16:03:09,372 : INFO : test_end2end : test_end2end_purchase : Get items list
2020-05-02 16:03:11,372 : INFO : test_end2end : test_end2end_purchase : Selecting size
2020-05-02 16:03:11,372 : INFO : test_end2end : test_end2end_purchase : Selecting size
2020-05-02 16:03:11,478 : INFO : test_end2end : test_end2end_purchase : Select color
2020-05-02 16:03:11,478 : INFO : test_end2end : test_end2end_purchase : Select color
2020-05-02 16:03:11,555 : INFO : test_end2end : test_end2end_purchase : Scrolling the window
2020-05-02 16:03:11,555 : INFO : test_end2end : test_end2end_purchase : Scrolling the window
2020-05-02 16:03:11,563 : INFO : test_end2end : test_end2end_purchase : Adding to cart
2020-05-02 16:03:11,563 : INFO : test_end2end : test_end2end_purchase : Adding to cart
2020-05-02 16:03:13,720 : INFO : test_end2end : test_end2end_purchase : Proceeding to checkout page
2020-05-02 16:03:13,720 : INFO : test_end2end : test_end2end_purchase : Proceeding to checkout page
2020-05-02 16:03:15,988 : INFO : test_end2end : test_end2end_purchase : Enter Email
2020-05-02 16:03:15,988 : INFO : test_end2end : test_end2end_purchase : Enter Email
2020-05-02 16:03:16,117 : INFO : test_end2end : test_end2end_purchase : Check Subscribe checkbox
2020-05-02 16:03:16,117 : INFO : test_end2end : test_end2end_purchase : Check Subscribe checkbox
2020-05-02 16:03:16,183 : INFO : test_end2end : test_end2end_purchase : Go to shipping section
2020-05-02 16:03:16,183 : INFO : test_end2end : test_end2end_purchase : Go to shipping section
2020-05-02 16:03:18,095 : INFO : test_end2end : test_end2end_purchase : Choose country from static dropdown
2020-05-02 16:03:18,095 : INFO : test_end2end : test_end2end_purchase : Choose country from static dropdown
2020-05-02 16:03:18,196 : INFO : test_end2end : test_end2end_purchase : Get First Name
2020-05-02 16:03:18,196 : INFO : test_end2end : test_end2end_purchase : Get First Name
2020-05-02 16:03:18,315 : INFO : test_end2end : test_end2end_purchase : get last name
2020-05-02 16:03:18,315 : INFO : test_end2end : test_end2end_purchase : get last name
2020-05-02 16:03:18,404 : INFO : test_end2end : test_end2end_purchase : Get address_line1
2020-05-02 16:03:18,404 : INFO : test_end2end : test_end2end_purchase : Get address_line1
2020-05-02 16:03:18,630 : INFO : test_end2end : test_end2end_purchase : Data received for address_line2 is Apt 11
2020-05-02 16:03:18,630 : INFO : test_end2end : test_end2end_purchase : Data received for address_line2 is Apt 11
2020-05-02 16:03:18,748 : INFO : test_end2end : test_end2end_purchase : get city
2020-05-02 16:03:18,748 : INFO : test_end2end : test_end2end_purchase : get city
2020-05-02 16:03:18,863 : INFO : test_end2end : test_end2end_purchase : get postal code
2020-05-02 16:03:18,863 : INFO : test_end2end : test_end2end_purchase : get postal code
2020-05-02 16:03:18,983 : INFO : test_end2end : test_end2end_purchase : get phone
2020-05-02 16:03:18,983 : INFO : test_end2end : test_end2end_purchase : get phone
2020-05-02 16:03:19,135 : INFO : test_end2end : test_end2end_purchase : get billing address
2020-05-02 16:03:19,135 : INFO : test_end2end : test_end2end_purchase : get billing address
2020-05-02 16:03:19,165 : INFO : test_end2end : test_end2end_purchase : get comments on order
2020-05-02 16:03:19,165 : INFO : test_end2end : test_end2end_purchase : get comments on order
2020-05-02 16:03:21,600 : INFO : test_end2end : test_end2end_purchase : continue to payment from here
2020-05-02 16:03:21,600 : INFO : test_end2end : test_end2end_purchase : continue to payment from here
2020-05-02 16:03:23,790 : INFO : test_end2end : test_end2end_purchase : Choose Payment Option
2020-05-02 16:03:23,790 : INFO : test_end2end : test_end2end_purchase : Choose Payment Option
2020-05-02 16:03:23,944 : INFO : test_end2end : test_end2end_purchase : Place your Order Button
2020-05-02 16:03:23,944 : INFO : test_end2end : test_end2end_purchase : Place your Order Button
2020-05-02 16:03:27,239 : INFO : test_end2end : test_end2end_purchase : Checking confirmation text matches the required text
2020-05-02 16:03:27,239 : INFO : test_end2end : test_end2end_purchase : Checking confirmation text matches the required text
2020-05-02 16:03:27,266 : INFO : test_end2end : test_end2end_purchase : Confirmation text is Thank you Elisa!
2020-05-02 16:03:27,266 : INFO : test_end2end : test_end2end_purchase : Confirmation text is Thank you Elisa!
2020-05-02 16:03:35,737 : INFO : test_end2end : test_end2end_purchase : Getting Page title
2020-05-02 16:03:35,737 : INFO : test_end2end : test_end2end_purchase : Getting Page title
2020-05-02 16:03:35,737 : INFO : test_end2end : test_end2end_purchase : Getting Page title
2020-05-02 16:03:40,508 : INFO : test_end2end : test_end2end_purchase : Closing the opening banner
2020-05-02 16:03:40,508 : INFO : test_end2end : test_end2end_purchase : Closing the opening banner
2020-05-02 16:03:40,508 : INFO : test_end2end : test_end2end_purchase : Closing the opening banner
2020-05-02 16:03:40,592 : INFO : test_end2end : test_end2end_purchase : Getting navigation items list
2020-05-02 16:03:40,592 : INFO : test_end2end : test_end2end_purchase : Getting navigation items list
2020-05-02 16:03:40,592 : INFO : test_end2end : test_end2end_purchase : Getting navigation items list
2020-05-02 16:03:40,626 : INFO : test_end2end : test_end2end_purchase : Taking cursor to navigation where item is some item_name
2020-05-02 16:03:40,626 : INFO : test_end2end : test_end2end_purchase : Taking cursor to navigation where item is some item_name
2020-05-02 16:03:40,626 : INFO : test_end2end : test_end2end_purchase : Taking cursor to navigation where item is some item_name
2020-05-02 16:03:40,894 : INFO : test_end2end : test_end2end_purchase : Getting navigation sub_items list where item is some item_name
2020-05-02 16:03:40,894 : INFO : test_end2end : test_end2end_purchase : Getting navigation sub_items list where item is some item_name
2020-05-02 16:03:40,894 : INFO : test_end2end : test_end2end_purchase : Getting navigation sub_items list where item is some item_name
2020-05-02 16:03:40,905 : INFO : test_end2end : test_end2end_purchase : Selecting an item from sub_items
2020-05-02 16:03:40,905 : INFO : test_end2end : test_end2end_purchase : Selecting an item from sub_items
2020-05-02 16:03:40,905 : INFO : test_end2end : test_end2end_purchase : Selecting an item from sub_items
2020-05-02 16:03:42,212 : INFO : test_end2end : test_end2end_purchase : Scrolling the window
2020-05-02 16:03:42,212 : INFO : test_end2end : test_end2end_purchase : Scrolling the window
2020-05-02 16:03:42,212 : INFO : test_end2end : test_end2end_purchase : Scrolling the window
2020-05-02 16:03:42,217 : INFO : test_end2end : test_end2end_purchase : Get items list
2020-05-02 16:03:42,217 : INFO : test_end2end : test_end2end_purchase : Get items list
2020-05-02 16:03:42,217 : INFO : test_end2end : test_end2end_purchase : Get items list
2020-05-02 16:03:43,805 : INFO : test_end2end : test_end2end_purchase : Selecting size
2020-05-02 16:03:43,805 : INFO : test_end2end : test_end2end_purchase : Selecting size
2020-05-02 16:03:43,805 : INFO : test_end2end : test_end2end_purchase : Selecting size
2020-05-02 16:03:43,980 : INFO : test_end2end : test_end2end_purchase : Select color
2020-05-02 16:03:43,980 : INFO : test_end2end : test_end2end_purchase : Select color
2020-05-02 16:03:43,980 : INFO : test_end2end : test_end2end_purchase : Select color
2020-05-02 16:03:44,039 : INFO : test_end2end : test_end2end_purchase : Scrolling the window
2020-05-02 16:03:44,039 : INFO : test_end2end : test_end2end_purchase : Scrolling the window
2020-05-02 16:03:44,039 : INFO : test_end2end : test_end2end_purchase : Scrolling the window
2020-05-02 16:03:44,046 : INFO : test_end2end : test_end2end_purchase : Adding to cart
2020-05-02 16:03:44,046 : INFO : test_end2end : test_end2end_purchase : Adding to cart
2020-05-02 16:03:44,046 : INFO : test_end2end : test_end2end_purchase : Adding to cart
2020-05-02 16:03:45,157 : INFO : test_end2end : test_end2end_purchase : Proceeding to checkout page
2020-05-02 16:03:45,157 : INFO : test_end2end : test_end2end_purchase : Proceeding to checkout page
2020-05-02 16:03:45,157 : INFO : test_end2end : test_end2end_purchase : Proceeding to checkout page
2020-05-02 16:03:47,506 : INFO : test_end2end : test_end2end_purchase : Enter Email
2020-05-02 16:03:47,506 : INFO : test_end2end : test_end2end_purchase : Enter Email
2020-05-02 16:03:47,506 : INFO : test_end2end : test_end2end_purchase : Enter Email
2020-05-02 16:03:47,626 : INFO : test_end2end : test_end2end_purchase : Check Subscribe checkbox
2020-05-02 16:03:47,626 : INFO : test_end2end : test_end2end_purchase : Check Subscribe checkbox
2020-05-02 16:03:47,626 : INFO : test_end2end : test_end2end_purchase : Check Subscribe checkbox
2020-05-02 16:03:47,700 : INFO : test_end2end : test_end2end_purchase : Go to shipping section
2020-05-02 16:03:47,700 : INFO : test_end2end : test_end2end_purchase : Go to shipping section
2020-05-02 16:03:47,700 : INFO : test_end2end : test_end2end_purchase : Go to shipping section
2020-05-02 16:03:49,110 : INFO : test_end2end : test_end2end_purchase : Choose country from static dropdown
2020-05-02 16:03:49,110 : INFO : test_end2end : test_end2end_purchase : Choose country from static dropdown
2020-05-02 16:03:49,110 : INFO : test_end2end : test_end2end_purchase : Choose country from static dropdown
2020-05-02 16:03:49,218 : INFO : test_end2end : test_end2end_purchase : Get First Name
2020-05-02 16:03:49,218 : INFO : test_end2end : test_end2end_purchase : Get First Name
2020-05-02 16:03:49,218 : INFO : test_end2end : test_end2end_purchase : Get First Name
2020-05-02 16:03:49,330 : INFO : test_end2end : test_end2end_purchase : get last name
2020-05-02 16:03:49,330 : INFO : test_end2end : test_end2end_purchase : get last name
2020-05-02 16:03:49,330 : INFO : test_end2end : test_end2end_purchase : get last name
2020-05-02 16:03:49,419 : INFO : test_end2end : test_end2end_purchase : Get address_line1
2020-05-02 16:03:49,419 : INFO : test_end2end : test_end2end_purchase : Get address_line1
2020-05-02 16:03:49,419 : INFO : test_end2end : test_end2end_purchase : Get address_line1
2020-05-02 16:03:49,655 : INFO : test_end2end : test_end2end_purchase : Data received for address_line2 is Apt 12
2020-05-02 16:03:49,655 : INFO : test_end2end : test_end2end_purchase : Data received for address_line2 is Apt 12
2020-05-02 16:03:49,655 : INFO : test_end2end : test_end2end_purchase : Data received for address_line2 is Apt 12
2020-05-02 16:03:49,773 : INFO : test_end2end : test_end2end_purchase : get city
2020-05-02 16:03:49,773 : INFO : test_end2end : test_end2end_purchase : get city
2020-05-02 16:03:49,773 : INFO : test_end2end : test_end2end_purchase : get city
2020-05-02 16:03:49,901 : INFO : test_end2end : test_end2end_purchase : get postal code
2020-05-02 16:03:49,901 : INFO : test_end2end : test_end2end_purchase : get postal code
2020-05-02 16:03:49,901 : INFO : test_end2end : test_end2end_purchase : get postal code
2020-05-02 16:03:50,007 : INFO : test_end2end : test_end2end_purchase : get phone
2020-05-02 16:03:50,007 : INFO : test_end2end : test_end2end_purchase : get phone
2020-05-02 16:03:50,007 : INFO : test_end2end : test_end2end_purchase : get phone
2020-05-02 16:03:50,145 : INFO : test_end2end : test_end2end_purchase : get billing address
2020-05-02 16:03:50,145 : INFO : test_end2end : test_end2end_purchase : get billing address
2020-05-02 16:03:50,145 : INFO : test_end2end : test_end2end_purchase : get billing address
2020-05-02 16:03:50,170 : INFO : test_end2end : test_end2end_purchase : get comments on order
2020-05-02 16:03:50,170 : INFO : test_end2end : test_end2end_purchase : get comments on order
2020-05-02 16:03:50,170 : INFO : test_end2end : test_end2end_purchase : get comments on order
2020-05-02 16:03:52,520 : INFO : test_end2end : test_end2end_purchase : continue to payment from here
2020-05-02 16:03:52,520 : INFO : test_end2end : test_end2end_purchase : continue to payment from here
2020-05-02 16:03:52,520 : INFO : test_end2end : test_end2end_purchase : continue to payment from here
2020-05-02 16:03:54,705 : INFO : test_end2end : test_end2end_purchase : Choose Payment Option
2020-05-02 16:03:54,705 : INFO : test_end2end : test_end2end_purchase : Choose Payment Option
2020-05-02 16:03:54,705 : INFO : test_end2end : test_end2end_purchase : Choose Payment Option
2020-05-02 16:03:54,796 : INFO : test_end2end : test_end2end_purchase : Place your Order Button
2020-05-02 16:03:54,796 : INFO : test_end2end : test_end2end_purchase : Place your Order Button
2020-05-02 16:03:54,796 : INFO : test_end2end : test_end2end_purchase : Place your Order Button
2020-05-02 16:03:57,931 : INFO : test_end2end : test_end2end_purchase : Checking confirmation text matches the required text
2020-05-02 16:03:57,931 : INFO : test_end2end : test_end2end_purchase : Checking confirmation text matches the required text
2020-05-02 16:03:57,931 : INFO : test_end2end : test_end2end_purchase : Checking confirmation text matches the required text
2020-05-02 16:03:57,951 : INFO : test_end2end : test_end2end_purchase : Confirmation text is Thank you Mark!
2020-05-02 16:03:57,951 : INFO : test_end2end : test_end2end_purchase : Confirmation text is Thank you Mark!
2020-05-02 16:03:57,951 : INFO : test_end2end : test_end2end_purchase : Confirmation text is Thank you Mark!
2020-05-02 16:04:06,397 : INFO : test_end2end : test_end2end_purchase : Getting Page title
2020-05-02 16:04:06,397 : INFO : test_end2end : test_end2end_purchase : Getting Page title
2020-05-02 16:04:06,397 : INFO : test_end2end : test_end2end_purchase : Getting Page title
2020-05-02 16:04:06,397 : INFO : test_end2end : test_end2end_purchase : Getting Page title
2020-05-02 16:04:11,071 : INFO : test_end2end : test_end2end_purchase : Closing the opening banner
2020-05-02 16:04:11,071 : INFO : test_end2end : test_end2end_purchase : Closing the opening banner
2020-05-02 16:04:11,071 : INFO : test_end2end : test_end2end_purchase : Closing the opening banner
2020-05-02 16:04:11,071 : INFO : test_end2end : test_end2end_purchase : Closing the opening banner
2020-05-02 16:04:11,157 : INFO : test_end2end : test_end2end_purchase : Getting navigation items list
2020-05-02 16:04:11,157 : INFO : test_end2end : test_end2end_purchase : Getting navigation items list
2020-05-02 16:04:11,157 : INFO : test_end2end : test_end2end_purchase : Getting navigation items list
2020-05-02 16:04:11,157 : INFO : test_end2end : test_end2end_purchase : Getting navigation items list
2020-05-02 16:04:11,196 : INFO : test_end2end : test_end2end_purchase : Taking cursor to navigation where item is some item_name
2020-05-02 16:04:11,196 : INFO : test_end2end : test_end2end_purchase : Taking cursor to navigation where item is some item_name
2020-05-02 16:04:11,196 : INFO : test_end2end : test_end2end_purchase : Taking cursor to navigation where item is some item_name
2020-05-02 16:04:11,196 : INFO : test_end2end : test_end2end_purchase : Taking cursor to navigation where item is some item_name
2020-05-02 16:04:11,495 : INFO : test_end2end : test_end2end_purchase : Getting navigation sub_items list where item is some item_name
2020-05-02 16:04:11,495 : INFO : test_end2end : test_end2end_purchase : Getting navigation sub_items list where item is some item_name
2020-05-02 16:04:11,495 : INFO : test_end2end : test_end2end_purchase : Getting navigation sub_items list where item is some item_name
2020-05-02 16:04:11,495 : INFO : test_end2end : test_end2end_purchase : Getting navigation sub_items list where item is some item_name
2020-05-02 16:04:11,530 : INFO : test_end2end : test_end2end_purchase : Selecting an item from sub_items
2020-05-02 16:04:11,530 : INFO : test_end2end : test_end2end_purchase : Selecting an item from sub_items
2020-05-02 16:04:11,530 : INFO : test_end2end : test_end2end_purchase : Selecting an item from sub_items
2020-05-02 16:04:11,530 : INFO : test_end2end : test_end2end_purchase : Selecting an item from sub_items
2020-05-02 16:04:12,642 : INFO : test_end2end : test_end2end_purchase : Scrolling the window
2020-05-02 16:04:12,642 : INFO : test_end2end : test_end2end_purchase : Scrolling the window
2020-05-02 16:04:12,642 : INFO : test_end2end : test_end2end_purchase : Scrolling the window
2020-05-02 16:04:12,642 : INFO : test_end2end : test_end2end_purchase : Scrolling the window
2020-05-02 16:04:12,648 : INFO : test_end2end : test_end2end_purchase : Get items list
2020-05-02 16:04:12,648 : INFO : test_end2end : test_end2end_purchase : Get items list
2020-05-02 16:04:12,648 : INFO : test_end2end : test_end2end_purchase : Get items list
2020-05-02 16:04:12,648 : INFO : test_end2end : test_end2end_purchase : Get items list
2020-05-02 16:04:14,091 : INFO : test_end2end : test_end2end_purchase : Selecting size
2020-05-02 16:04:14,091 : INFO : test_end2end : test_end2end_purchase : Selecting size
2020-05-02 16:04:14,091 : INFO : test_end2end : test_end2end_purchase : Selecting size
2020-05-02 16:04:14,091 : INFO : test_end2end : test_end2end_purchase : Selecting size
2020-05-02 16:04:14,194 : INFO : test_end2end : test_end2end_purchase : Select color
2020-05-02 16:04:14,194 : INFO : test_end2end : test_end2end_purchase : Select color
2020-05-02 16:04:14,194 : INFO : test_end2end : test_end2end_purchase : Select color
2020-05-02 16:04:14,194 : INFO : test_end2end : test_end2end_purchase : Select color
2020-05-02 16:04:14,253 : INFO : test_end2end : test_end2end_purchase : Scrolling the window
2020-05-02 16:04:14,253 : INFO : test_end2end : test_end2end_purchase : Scrolling the window
2020-05-02 16:04:14,253 : INFO : test_end2end : test_end2end_purchase : Scrolling the window
2020-05-02 16:04:14,253 : INFO : test_end2end : test_end2end_purchase : Scrolling the window
2020-05-02 16:04:14,258 : INFO : test_end2end : test_end2end_purchase : Adding to cart
2020-05-02 16:04:14,258 : INFO : test_end2end : test_end2end_purchase : Adding to cart
2020-05-02 16:04:14,258 : INFO : test_end2end : test_end2end_purchase : Adding to cart
2020-05-02 16:04:14,258 : INFO : test_end2end : test_end2end_purchase : Adding to cart
2020-05-02 16:04:15,927 : INFO : test_end2end : test_end2end_purchase : Proceeding to checkout page
2020-05-02 16:04:15,927 : INFO : test_end2end : test_end2end_purchase : Proceeding to checkout page
2020-05-02 16:04:15,927 : INFO : test_end2end : test_end2end_purchase : Proceeding to checkout page
2020-05-02 16:04:15,927 : INFO : test_end2end : test_end2end_purchase : Proceeding to checkout page
2020-05-02 16:04:17,547 : INFO : test_end2end : test_end2end_purchase : Enter Email
2020-05-02 16:04:17,547 : INFO : test_end2end : test_end2end_purchase : Enter Email
2020-05-02 16:04:17,547 : INFO : test_end2end : test_end2end_purchase : Enter Email
2020-05-02 16:04:17,547 : INFO : test_end2end : test_end2end_purchase : Enter Email
2020-05-02 16:04:17,680 : INFO : test_end2end : test_end2end_purchase : Check Subscribe checkbox
2020-05-02 16:04:17,680 : INFO : test_end2end : test_end2end_purchase : Check Subscribe checkbox
2020-05-02 16:04:17,680 : INFO : test_end2end : test_end2end_purchase : Check Subscribe checkbox
2020-05-02 16:04:17,680 : INFO : test_end2end : test_end2end_purchase : Check Subscribe checkbox
2020-05-02 16:04:17,759 : INFO : test_end2end : test_end2end_purchase : Go to shipping section
2020-05-02 16:04:17,759 : INFO : test_end2end : test_end2end_purchase : Go to shipping section
2020-05-02 16:04:17,759 : INFO : test_end2end : test_end2end_purchase : Go to shipping section
2020-05-02 16:04:17,759 : INFO : test_end2end : test_end2end_purchase : Go to shipping section
2020-05-02 16:04:19,112 : INFO : test_end2end : test_end2end_purchase : Choose country from static dropdown
2020-05-02 16:04:19,112 : INFO : test_end2end : test_end2end_purchase : Choose country from static dropdown
2020-05-02 16:04:19,112 : INFO : test_end2end : test_end2end_purchase : Choose country from static dropdown
2020-05-02 16:04:19,112 : INFO : test_end2end : test_end2end_purchase : Choose country from static dropdown
2020-05-02 16:04:19,156 : INFO : test_end2end : test_end2end_purchase : Get First Name
2020-05-02 16:04:19,156 : INFO : test_end2end : test_end2end_purchase : Get First Name
2020-05-02 16:04:19,156 : INFO : test_end2end : test_end2end_purchase : Get First Name
2020-05-02 16:04:19,156 : INFO : test_end2end : test_end2end_purchase : Get First Name
2020-05-02 16:04:19,304 : INFO : test_end2end : test_end2end_purchase : get last name
2020-05-02 16:04:19,304 : INFO : test_end2end : test_end2end_purchase : get last name
2020-05-02 16:04:19,304 : INFO : test_end2end : test_end2end_purchase : get last name
2020-05-02 16:04:19,304 : INFO : test_end2end : test_end2end_purchase : get last name
2020-05-02 16:04:19,399 : INFO : test_end2end : test_end2end_purchase : Get address_line1
2020-05-02 16:04:19,399 : INFO : test_end2end : test_end2end_purchase : Get address_line1
2020-05-02 16:04:19,399 : INFO : test_end2end : test_end2end_purchase : Get address_line1
2020-05-02 16:04:19,399 : INFO : test_end2end : test_end2end_purchase : Get address_line1
2020-05-02 16:04:19,646 : INFO : test_end2end : test_end2end_purchase : Data received for address_line2 is Apt 13
2020-05-02 16:04:19,646 : INFO : test_end2end : test_end2end_purchase : Data received for address_line2 is Apt 13
2020-05-02 16:04:19,646 : INFO : test_end2end : test_end2end_purchase : Data received for address_line2 is Apt 13
2020-05-02 16:04:19,646 : INFO : test_end2end : test_end2end_purchase : Data received for address_line2 is Apt 13
2020-05-02 16:04:19,756 : INFO : test_end2end : test_end2end_purchase : get city
2020-05-02 16:04:19,756 : INFO : test_end2end : test_end2end_purchase : get city
2020-05-02 16:04:19,756 : INFO : test_end2end : test_end2end_purchase : get city
2020-05-02 16:04:19,756 : INFO : test_end2end : test_end2end_purchase : get city
2020-05-02 16:04:19,878 : INFO : test_end2end : test_end2end_purchase : get postal code
2020-05-02 16:04:19,878 : INFO : test_end2end : test_end2end_purchase : get postal code
2020-05-02 16:04:19,878 : INFO : test_end2end : test_end2end_purchase : get postal code
2020-05-02 16:04:19,878 : INFO : test_end2end : test_end2end_purchase : get postal code
2020-05-02 16:04:19,987 : INFO : test_end2end : test_end2end_purchase : get phone
2020-05-02 16:04:19,987 : INFO : test_end2end : test_end2end_purchase : get phone
2020-05-02 16:04:19,987 : INFO : test_end2end : test_end2end_purchase : get phone
2020-05-02 16:04:19,987 : INFO : test_end2end : test_end2end_purchase : get phone
2020-05-02 16:04:20,146 : INFO : test_end2end : test_end2end_purchase : get billing address
2020-05-02 16:04:20,146 : INFO : test_end2end : test_end2end_purchase : get billing address
2020-05-02 16:04:20,146 : INFO : test_end2end : test_end2end_purchase : get billing address
2020-05-02 16:04:20,146 : INFO : test_end2end : test_end2end_purchase : get billing address
2020-05-02 16:04:20,171 : INFO : test_end2end : test_end2end_purchase : get comments on order
2020-05-02 16:04:20,171 : INFO : test_end2end : test_end2end_purchase : get comments on order
2020-05-02 16:04:20,171 : INFO : test_end2end : test_end2end_purchase : get comments on order
2020-05-02 16:04:20,171 : INFO : test_end2end : test_end2end_purchase : get comments on order
2020-05-02 16:04:23,075 : INFO : test_end2end : test_end2end_purchase : continue to payment from here
2020-05-02 16:04:23,075 : INFO : test_end2end : test_end2end_purchase : continue to payment from here
2020-05-02 16:04:23,075 : INFO : test_end2end : test_end2end_purchase : continue to payment from here
2020-05-02 16:04:23,075 : INFO : test_end2end : test_end2end_purchase : continue to payment from here
2020-05-02 16:04:25,295 : INFO : test_end2end : test_end2end_purchase : Choose Payment Option
2020-05-02 16:04:25,295 : INFO : test_end2end : test_end2end_purchase : Choose Payment Option
2020-05-02 16:04:25,295 : INFO : test_end2end : test_end2end_purchase : Choose Payment Option
2020-05-02 16:04:25,295 : INFO : test_end2end : test_end2end_purchase : Choose Payment Option
2020-05-02 16:04:25,381 : INFO : test_end2end : test_end2end_purchase : Place your Order Button
2020-05-02 16:04:25,381 : INFO : test_end2end : test_end2end_purchase : Place your Order Button
2020-05-02 16:04:25,381 : INFO : test_end2end : test_end2end_purchase : Place your Order Button
2020-05-02 16:04:25,381 : INFO : test_end2end : test_end2end_purchase : Place your Order Button
2020-05-02 16:04:28,431 : INFO : test_end2end : test_end2end_purchase : Checking confirmation text matches the required text
2020-05-02 16:04:28,431 : INFO : test_end2end : test_end2end_purchase : Checking confirmation text matches the required text
2020-05-02 16:04:28,431 : INFO : test_end2end : test_end2end_purchase : Checking confirmation text matches the required text
2020-05-02 16:04:28,431 : INFO : test_end2end : test_end2end_purchase : Checking confirmation text matches the required text
2020-05-02 16:04:28,450 : INFO : test_end2end : test_end2end_purchase : Confirmation text is Thank you Alex!
2020-05-02 16:04:28,450 : INFO : test_end2end : test_end2end_purchase : Confirmation text is Thank you Alex!
2020-05-02 16:04:28,450 : INFO : test_end2end : test_end2end_purchase : Confirmation text is Thank you Alex!
2020-05-02 16:04:28,450 : INFO : test_end2end : test_end2end_purchase : Confirmation text is Thank you Alex!
2020-05-02 16:04:37,192 : INFO : test_end2end : test_end2end_purchase : Getting Page title
2020-05-02 16:04:37,192 : INFO : test_end2end : test_end2end_purchase : Getting Page title
2020-05-02 16:04:37,192 : INFO : test_end2end : test_end2end_purchase : Getting Page title
2020-05-02 16:04:37,192 : INFO : test_end2end : test_end2end_purchase : Getting Page title
2020-05-02 16:04:37,192 : INFO : test_end2end : test_end2end_purchase : Getting Page title
2020-05-02 16:04:41,898 : INFO : test_end2end : test_end2end_purchase : Closing the opening banner
2020-05-02 16:04:41,898 : INFO : test_end2end : test_end2end_purchase : Closing the opening banner
2020-05-02 16:04:41,898 : INFO : test_end2end : test_end2end_purchase : Closing the opening banner
2020-05-02 16:04:41,898 : INFO : test_end2end : test_end2end_purchase : Closing the opening banner
2020-05-02 16:04:41,898 : INFO : test_end2end : test_end2end_purchase : Closing the opening banner
2020-05-02 16:04:41,973 : INFO : test_end2end : test_end2end_purchase : Getting navigation items list
2020-05-02 16:04:41,973 : INFO : test_end2end : test_end2end_purchase : Getting navigation items list
2020-05-02 16:04:41,973 : INFO : test_end2end : test_end2end_purchase : Getting navigation items list
2020-05-02 16:04:41,973 : INFO : test_end2end : test_end2end_purchase : Getting navigation items list
2020-05-02 16:04:41,973 : INFO : test_end2end : test_end2end_purchase : Getting navigation items list
2020-05-02 16:04:42,022 : INFO : test_end2end : test_end2end_purchase : Taking cursor to navigation where item is some item_name
2020-05-02 16:04:42,022 : INFO : test_end2end : test_end2end_purchase : Taking cursor to navigation where item is some item_name
2020-05-02 16:04:42,022 : INFO : test_end2end : test_end2end_purchase : Taking cursor to navigation where item is some item_name
2020-05-02 16:04:42,022 : INFO : test_end2end : test_end2end_purchase : Taking cursor to navigation where item is some item_name
2020-05-02 16:04:42,022 : INFO : test_end2end : test_end2end_purchase : Taking cursor to navigation where item is some item_name
2020-05-02 16:04:42,299 : INFO : test_end2end : test_end2end_purchase : Getting navigation sub_items list where item is some item_name
2020-05-02 16:04:42,299 : INFO : test_end2end : test_end2end_purchase : Getting navigation sub_items list where item is some item_name
2020-05-02 16:04:42,299 : INFO : test_end2end : test_end2end_purchase : Getting navigation sub_items list where item is some item_name
2020-05-02 16:04:42,299 : INFO : test_end2end : test_end2end_purchase : Getting navigation sub_items list where item is some item_name
2020-05-02 16:04:42,299 : INFO : test_end2end : test_end2end_purchase : Getting navigation sub_items list where item is some item_name
2020-05-02 16:04:42,311 : INFO : test_end2end : test_end2end_purchase : Selecting an item from sub_items
2020-05-02 16:04:42,311 : INFO : test_end2end : test_end2end_purchase : Selecting an item from sub_items
2020-05-02 16:04:42,311 : INFO : test_end2end : test_end2end_purchase : Selecting an item from sub_items
2020-05-02 16:04:42,311 : INFO : test_end2end : test_end2end_purchase : Selecting an item from sub_items
2020-05-02 16:04:42,311 : INFO : test_end2end : test_end2end_purchase : Selecting an item from sub_items
2020-05-02 16:04:44,545 : INFO : test_end2end : test_end2end_purchase : Scrolling the window
2020-05-02 16:04:44,545 : INFO : test_end2end : test_end2end_purchase : Scrolling the window
2020-05-02 16:04:44,545 : INFO : test_end2end : test_end2end_purchase : Scrolling the window
2020-05-02 16:04:44,545 : INFO : test_end2end : test_end2end_purchase : Scrolling the window
2020-05-02 16:04:44,545 : INFO : test_end2end : test_end2end_purchase : Scrolling the window
2020-05-02 16:04:44,550 : INFO : test_end2end : test_end2end_purchase : Get items list
2020-05-02 16:04:44,550 : INFO : test_end2end : test_end2end_purchase : Get items list
2020-05-02 16:04:44,550 : INFO : test_end2end : test_end2end_purchase : Get items list
2020-05-02 16:04:44,550 : INFO : test_end2end : test_end2end_purchase : Get items list
2020-05-02 16:04:44,550 : INFO : test_end2end : test_end2end_purchase : Get items list
2020-05-02 16:04:45,917 : INFO : test_end2end : test_end2end_purchase : Selecting size
2020-05-02 16:04:45,917 : INFO : test_end2end : test_end2end_purchase : Selecting size
2020-05-02 16:04:45,917 : INFO : test_end2end : test_end2end_purchase : Selecting size
2020-05-02 16:04:45,917 : INFO : test_end2end : test_end2end_purchase : Selecting size
2020-05-02 16:04:45,917 : INFO : test_end2end : test_end2end_purchase : Selecting size
2020-05-02 16:04:46,111 : INFO : test_end2end : test_end2end_purchase : Select color
2020-05-02 16:04:46,111 : INFO : test_end2end : test_end2end_purchase : Select color
2020-05-02 16:04:46,111 : INFO : test_end2end : test_end2end_purchase : Select color
2020-05-02 16:04:46,111 : INFO : test_end2end : test_end2end_purchase : Select color
2020-05-02 16:04:46,111 : INFO : test_end2end : test_end2end_purchase : Select color
2020-05-02 16:04:46,216 : INFO : test_end2end : test_end2end_purchase : Scrolling the window
2020-05-02 16:04:46,216 : INFO : test_end2end : test_end2end_purchase : Scrolling the window
2020-05-02 16:04:46,216 : INFO : test_end2end : test_end2end_purchase : Scrolling the window
2020-05-02 16:04:46,216 : INFO : test_end2end : test_end2end_purchase : Scrolling the window
2020-05-02 16:04:46,216 : INFO : test_end2end : test_end2end_purchase : Scrolling the window
2020-05-02 16:04:46,220 : INFO : test_end2end : test_end2end_purchase : Adding to cart
2020-05-02 16:04:46,220 : INFO : test_end2end : test_end2end_purchase : Adding to cart
2020-05-02 16:04:46,220 : INFO : test_end2end : test_end2end_purchase : Adding to cart
2020-05-02 16:04:46,220 : INFO : test_end2end : test_end2end_purchase : Adding to cart
2020-05-02 16:04:46,220 : INFO : test_end2end : test_end2end_purchase : Adding to cart
2020-05-02 16:04:47,887 : INFO : test_end2end : test_end2end_purchase : Proceeding to checkout page
2020-05-02 16:04:47,887 : INFO : test_end2end : test_end2end_purchase : Proceeding to checkout page
2020-05-02 16:04:47,887 : INFO : test_end2end : test_end2end_purchase : Proceeding to checkout page
2020-05-02 16:04:47,887 : INFO : test_end2end : test_end2end_purchase : Proceeding to checkout page
2020-05-02 16:04:47,887 : INFO : test_end2end : test_end2end_purchase : Proceeding to checkout page
2020-05-02 16:04:50,369 : INFO : test_end2end : test_end2end_purchase : Enter Email
2020-05-02 16:04:50,369 : INFO : test_end2end : test_end2end_purchase : Enter Email
2020-05-02 16:04:50,369 : INFO : test_end2end : test_end2end_purchase : Enter Email
2020-05-02 16:04:50,369 : INFO : test_end2end : test_end2end_purchase : Enter Email
2020-05-02 16:04:50,369 : INFO : test_end2end : test_end2end_purchase : Enter Email
2020-05-02 16:04:50,510 : INFO : test_end2end : test_end2end_purchase : Check Subscribe checkbox
2020-05-02 16:04:50,510 : INFO : test_end2end : test_end2end_purchase : Check Subscribe checkbox
2020-05-02 16:04:50,510 : INFO : test_end2end : test_end2end_purchase : Check Subscribe checkbox
2020-05-02 16:04:50,510 : INFO : test_end2end : test_end2end_purchase : Check Subscribe checkbox
2020-05-02 16:04:50,510 : INFO : test_end2end : test_end2end_purchase : Check Subscribe checkbox
2020-05-02 16:04:50,586 : INFO : test_end2end : test_end2end_purchase : Go to shipping section
2020-05-02 16:04:50,586 : INFO : test_end2end : test_end2end_purchase : Go to shipping section
2020-05-02 16:04:50,586 : INFO : test_end2end : test_end2end_purchase : Go to shipping section
2020-05-02 16:04:50,586 : INFO : test_end2end : test_end2end_purchase : Go to shipping section
2020-05-02 16:04:50,586 : INFO : test_end2end : test_end2end_purchase : Go to shipping section
2020-05-02 16:04:51,970 : INFO : test_end2end : test_end2end_purchase : Choose country from static dropdown
2020-05-02 16:04:51,970 : INFO : test_end2end : test_end2end_purchase : Choose country from static dropdown
2020-05-02 16:04:51,970 : INFO : test_end2end : test_end2end_purchase : Choose country from static dropdown
2020-05-02 16:04:51,970 : INFO : test_end2end : test_end2end_purchase : Choose country from static dropdown
2020-05-02 16:04:51,970 : INFO : test_end2end : test_end2end_purchase : Choose country from static dropdown
2020-05-02 16:04:52,083 : INFO : test_end2end : test_end2end_purchase : Get First Name
2020-05-02 16:04:52,083 : INFO : test_end2end : test_end2end_purchase : Get First Name
2020-05-02 16:04:52,083 : INFO : test_end2end : test_end2end_purchase : Get First Name
2020-05-02 16:04:52,083 : INFO : test_end2end : test_end2end_purchase : Get First Name
2020-05-02 16:04:52,083 : INFO : test_end2end : test_end2end_purchase : Get First Name
2020-05-02 16:04:52,207 : INFO : test_end2end : test_end2end_purchase : get last name
2020-05-02 16:04:52,207 : INFO : test_end2end : test_end2end_purchase : get last name
2020-05-02 16:04:52,207 : INFO : test_end2end : test_end2end_purchase : get last name
2020-05-02 16:04:52,207 : INFO : test_end2end : test_end2end_purchase : get last name
2020-05-02 16:04:52,207 : INFO : test_end2end : test_end2end_purchase : get last name
2020-05-02 16:04:52,315 : INFO : test_end2end : test_end2end_purchase : Get address_line1
2020-05-02 16:04:52,315 : INFO : test_end2end : test_end2end_purchase : Get address_line1
2020-05-02 16:04:52,315 : INFO : test_end2end : test_end2end_purchase : Get address_line1
2020-05-02 16:04:52,315 : INFO : test_end2end : test_end2end_purchase : Get address_line1
2020-05-02 16:04:52,315 : INFO : test_end2end : test_end2end_purchase : Get address_line1
2020-05-02 16:04:52,584 : INFO : test_end2end : test_end2end_purchase : Data received for address_line2 is Apt 14
2020-05-02 16:04:52,584 : INFO : test_end2end : test_end2end_purchase : Data received for address_line2 is Apt 14
2020-05-02 16:04:52,584 : INFO : test_end2end : test_end2end_purchase : Data received for address_line2 is Apt 14
2020-05-02 16:04:52,584 : INFO : test_end2end : test_end2end_purchase : Data received for address_line2 is Apt 14
2020-05-02 16:04:52,584 : INFO : test_end2end : test_end2end_purchase : Data received for address_line2 is Apt 14
2020-05-02 16:04:52,695 : INFO : test_end2end : test_end2end_purchase : get city
2020-05-02 16:04:52,695 : INFO : test_end2end : test_end2end_purchase : get city
2020-05-02 16:04:52,695 : INFO : test_end2end : test_end2end_purchase : get city
2020-05-02 16:04:52,695 : INFO : test_end2end : test_end2end_purchase : get city
2020-05-02 16:04:52,695 : INFO : test_end2end : test_end2end_purchase : get city
2020-05-02 16:04:52,856 : INFO : test_end2end : test_end2end_purchase : get postal code
2020-05-02 16:04:52,856 : INFO : test_end2end : test_end2end_purchase : get postal code
2020-05-02 16:04:52,856 : INFO : test_end2end : test_end2end_purchase : get postal code
2020-05-02 16:04:52,856 : INFO : test_end2end : test_end2end_purchase : get postal code
2020-05-02 16:04:52,856 : INFO : test_end2end : test_end2end_purchase : get postal code
2020-05-02 16:04:52,963 : INFO : test_end2end : test_end2end_purchase : get phone
2020-05-02 16:04:52,963 : INFO : test_end2end : test_end2end_purchase : get phone
2020-05-02 16:04:52,963 : INFO : test_end2end : test_end2end_purchase : get phone
2020-05-02 16:04:52,963 : INFO : test_end2end : test_end2end_purchase : get phone
2020-05-02 16:04:52,963 : INFO : test_end2end : test_end2end_purchase : get phone
2020-05-02 16:04:53,129 : INFO : test_end2end : test_end2end_purchase : get billing address
2020-05-02 16:04:53,129 : INFO : test_end2end : test_end2end_purchase : get billing address
2020-05-02 16:04:53,129 : INFO : test_end2end : test_end2end_purchase : get billing address
2020-05-02 16:04:53,129 : INFO : test_end2end : test_end2end_purchase : get billing address
2020-05-02 16:04:53,129 : INFO : test_end2end : test_end2end_purchase : get billing address
2020-05-02 16:04:53,156 : INFO : test_end2end : test_end2end_purchase : get comments on order
2020-05-02 16:04:53,156 : INFO : test_end2end : test_end2end_purchase : get comments on order
2020-05-02 16:04:53,156 : INFO : test_end2end : test_end2end_purchase : get comments on order
2020-05-02 16:04:53,156 : INFO : test_end2end : test_end2end_purchase : get comments on order
2020-05-02 16:04:53,156 : INFO : test_end2end : test_end2end_purchase : get comments on order
2020-05-02 16:04:55,528 : INFO : test_end2end : test_end2end_purchase : continue to payment from here
2020-05-02 16:04:55,528 : INFO : test_end2end : test_end2end_purchase : continue to payment from here
2020-05-02 16:04:55,528 : INFO : test_end2end : test_end2end_purchase : continue to payment from here
2020-05-02 16:04:55,528 : INFO : test_end2end : test_end2end_purchase : continue to payment from here
2020-05-02 16:04:55,528 : INFO : test_end2end : test_end2end_purchase : continue to payment from here
2020-05-02 16:04:57,719 : INFO : test_end2end : test_end2end_purchase : Choose Payment Option
2020-05-02 16:04:57,719 : INFO : test_end2end : test_end2end_purchase : Choose Payment Option
2020-05-02 16:04:57,719 : INFO : test_end2end : test_end2end_purchase : Choose Payment Option
2020-05-02 16:04:57,719 : INFO : test_end2end : test_end2end_purchase : Choose Payment Option
2020-05-02 16:04:57,719 : INFO : test_end2end : test_end2end_purchase : Choose Payment Option
2020-05-02 16:04:57,823 : INFO : test_end2end : test_end2end_purchase : Place your Order Button
2020-05-02 16:04:57,823 : INFO : test_end2end : test_end2end_purchase : Place your Order Button
2020-05-02 16:04:57,823 : INFO : test_end2end : test_end2end_purchase : Place your Order Button
2020-05-02 16:04:57,823 : INFO : test_end2end : test_end2end_purchase : Place your Order Button
2020-05-02 16:04:57,823 : INFO : test_end2end : test_end2end_purchase : Place your Order Button
2020-05-02 16:05:00,836 : INFO : test_end2end : test_end2end_purchase : Checking confirmation text matches the required text
2020-05-02 16:05:00,836 : INFO : test_end2end : test_end2end_purchase : Checking confirmation text matches the required text
2020-05-02 16:05:00,836 : INFO : test_end2end : test_end2end_purchase : Checking confirmation text matches the required text
2020-05-02 16:05:00,836 : INFO : test_end2end : test_end2end_purchase : Checking confirmation text matches the required text
2020-05-02 16:05:00,836 : INFO : test_end2end : test_end2end_purchase : Checking confirmation text matches the required text
2020-05-02 16:05:00,847 : INFO : test_end2end : test_end2end_purchase : Confirmation text is Thank you Honey!
2020-05-02 16:05:00,847 : INFO : test_end2end : test_end2end_purchase : Confirmation text is Thank you Honey!
2020-05-02 16:05:00,847 : INFO : test_end2end : test_end2end_purchase : Confirmation text is Thank you Honey!
2020-05-02 16:05:00,847 : INFO : test_end2end : test_end2end_purchase : Confirmation text is Thank you Honey!
2020-05-02 16:05:00,847 : INFO : test_end2end : test_end2end_purchase : Confirmation text is Thank you Honey!
